[05-May-2024 20:09:35 UTC] PHP Warning:  mysqli_real_connect(): (HY000/2002): Connection refused in /var/www/html/wp-includes/class-wpdb.php on line 1987
[05-May-2024 20:12:22 UTC] PHP Warning:  chmod(): Operation not permitted in /var/www/html/wp-admin/includes/class-wp-filesystem-direct.php on line 173
[05-May-2024 20:12:43 UTC] PHP Warning:  mysqli_real_connect(): (HY000/2002): Connection refused in /var/www/html/wp-includes/class-wpdb.php on line 1987
[05-May-2024 20:12:44 UTC] PHP Warning:  mysqli_real_connect(): (HY000/2002): Connection refused in /var/www/html/wp-includes/class-wpdb.php on line 1987
[05-May-2024 20:12:45 UTC] PHP Warning:  mysqli_real_connect(): (HY000/2002): Connection refused in /var/www/html/wp-includes/class-wpdb.php on line 1987
[05-May-2024 20:12:46 UTC] PHP Warning:  mysqli_real_connect(): (HY000/2002): Connection refused in /var/www/html/wp-includes/class-wpdb.php on line 1987
[05-May-2024 20:16:37 UTC] PHP Notice:  La función WP_Block_Type_Registry::register ha sido llamada de forma incorrecta. Los nombres de tipo de bloque deben contener un prefijo de namespace. Ejemplo: my-plugin/my-custom-block-type Por favor, ve <a>depuración en WordPress</a> para más información. (Este mensaje fue añadido en la versión 5.0.0). in /var/www/html/wp-includes/functions.php on line 6078
[05-May-2024 20:16:37 UTC] PHP Warning:  Cannot modify header information - headers already sent by (output started at /var/www/html/wp-includes/functions.php:6078) in /var/www/html/wp-admin/includes/misc.php on line 1439
[05-May-2024 20:16:37 UTC] PHP Warning:  Cannot modify header information - headers already sent by (output started at /var/www/html/wp-includes/functions.php:6078) in /var/www/html/wp-includes/functions.php on line 7096
[05-May-2024 20:16:37 UTC] PHP Warning:  Cannot modify header information - headers already sent by (output started at /var/www/html/wp-includes/functions.php:6078) in /var/www/html/wp-admin/admin-header.php on line 9
[05-May-2024 20:16:37 UTC] PHP Warning:  Cannot modify header information - headers already sent by (output started at /var/www/html/wp-includes/functions.php:6078) in /var/www/html/wp-includes/option.php on line 1486
[05-May-2024 20:16:37 UTC] PHP Warning:  Cannot modify header information - headers already sent by (output started at /var/www/html/wp-includes/functions.php:6078) in /var/www/html/wp-includes/option.php on line 1487
[05-May-2024 20:17:38 UTC] PHP Notice:  La función WP_Block_Type_Registry::register ha sido llamada de forma incorrecta. Los nombres de tipo de bloque deben contener un prefijo de namespace. Ejemplo: my-plugin/my-custom-block-type Por favor, ve <a>depuración en WordPress</a> para más información. (Este mensaje fue añadido en la versión 5.0.0). in /var/www/html/wp-includes/functions.php on line 6078
[05-May-2024 20:19:38 UTC] PHP Notice:  La función WP_Block_Type_Registry::register ha sido llamada de forma incorrecta. Los nombres de tipo de bloque deben contener un prefijo de namespace. Ejemplo: my-plugin/my-custom-block-type Por favor, ve <a>depuración en WordPress</a> para más información. (Este mensaje fue añadido en la versión 5.0.0). in /var/www/html/wp-includes/functions.php on line 6078
[05-May-2024 20:21:38 UTC] PHP Notice:  La función WP_Block_Type_Registry::register ha sido llamada de forma incorrecta. Los nombres de tipo de bloque deben contener un prefijo de namespace. Ejemplo: my-plugin/my-custom-block-type Por favor, ve <a>depuración en WordPress</a> para más información. (Este mensaje fue añadido en la versión 5.0.0). in /var/www/html/wp-includes/functions.php on line 6078
[06-May-2024 00:36:44 UTC] PHP Warning:  require(/var/www/html/wp-content/plugins/slider-cesar/build/index.asset.php): Failed to open stream: No such file or directory in /var/www/html/wp-content/plugins/slider-cesar/slider-cesar.php on line 32
[06-May-2024 00:36:44 UTC] PHP Fatal error:  Uncaught Error: Failed opening required '/var/www/html/wp-content/plugins/slider-cesar/build/index.asset.php' (include_path='.:/usr/local/lib/php') in /var/www/html/wp-content/plugins/slider-cesar/slider-cesar.php:32
Stack trace:
#0 /var/www/html/wp-includes/class-wp-hook.php(324): slidercesar('')
#1 /var/www/html/wp-includes/class-wp-hook.php(348): WP_Hook->apply_filters(NULL, Array)
#2 /var/www/html/wp-includes/plugin.php(517): WP_Hook->do_action(Array)
#3 /var/www/html/wp-settings.php(695): do_action('init')
#4 /var/www/html/wp-config.php(133): require_once('/var/www/html/w...')
#5 /var/www/html/wp-load.php(50): require_once('/var/www/html/w...')
#6 /var/www/html/wp-admin/admin.php(34): require_once('/var/www/html/w...')
#7 /var/www/html/wp-admin/plugins.php(10): require_once('/var/www/html/w...')
#8 {main}
  thrown in /var/www/html/wp-content/plugins/slider-cesar/slider-cesar.php on line 32
[06-May-2024 00:36:44 UTC] PHP Warning:  require(/var/www/html/wp-content/plugins/slider-cesar/build/index.asset.php): Failed to open stream: No such file or directory in /var/www/html/wp-content/plugins/slider-cesar/slider-cesar.php on line 32
[06-May-2024 00:36:44 UTC] PHP Fatal error:  Uncaught Error: Failed opening required '/var/www/html/wp-content/plugins/slider-cesar/build/index.asset.php' (include_path='.:/usr/local/lib/php') in /var/www/html/wp-content/plugins/slider-cesar/slider-cesar.php:32
Stack trace:
#0 /var/www/html/wp-includes/class-wp-hook.php(324): slidercesar('')
#1 /var/www/html/wp-includes/class-wp-hook.php(348): WP_Hook->apply_filters(NULL, Array)
#2 /var/www/html/wp-includes/plugin.php(517): WP_Hook->do_action(Array)
#3 /var/www/html/wp-settings.php(695): do_action('init')
#4 /var/www/html/wp-config.php(133): require_once('/var/www/html/w...')
#5 /var/www/html/wp-load.php(50): require_once('/var/www/html/w...')
#6 /var/www/html/wp-blog-header.php(13): require_once('/var/www/html/w...')
#7 /var/www/html/index.php(17): require('/var/www/html/w...')
#8 {main}
  thrown in /var/www/html/wp-content/plugins/slider-cesar/slider-cesar.php on line 32
[06-May-2024 00:37:40 UTC] PHP Warning:  require(/var/www/html/wp-content/plugins/slider-cesar/build/index.asset.php): Failed to open stream: No such file or directory in /var/www/html/wp-content/plugins/slider-cesar/slider-cesar.php on line 32
[06-May-2024 00:37:40 UTC] PHP Fatal error:  Uncaught Error: Failed opening required '/var/www/html/wp-content/plugins/slider-cesar/build/index.asset.php' (include_path='.:/usr/local/lib/php') in /var/www/html/wp-content/plugins/slider-cesar/slider-cesar.php:32
Stack trace:
#0 /var/www/html/wp-includes/class-wp-hook.php(324): slidercesar('')
#1 /var/www/html/wp-includes/class-wp-hook.php(348): WP_Hook->apply_filters(NULL, Array)
#2 /var/www/html/wp-includes/plugin.php(517): WP_Hook->do_action(Array)
#3 /var/www/html/wp-settings.php(695): do_action('init')
#4 /var/www/html/wp-config.php(133): require_once('/var/www/html/w...')
#5 /var/www/html/wp-load.php(50): require_once('/var/www/html/w...')
#6 /var/www/html/wp-admin/admin-ajax.php(22): require_once('/var/www/html/w...')
#7 {main}
  thrown in /var/www/html/wp-content/plugins/slider-cesar/slider-cesar.php on line 32
[06-May-2024 00:38:15 UTC] PHP Warning:  filemtime(): stat failed for /var/www/html/wp-content/plugins/slider-cesar/build/index.css in /var/www/html/wp-content/plugins/slider-cesar/slider-cesar.php on line 58
[06-May-2024 00:38:15 UTC] PHP Warning:  filemtime(): stat failed for /var/www/html/wp-content/plugins/slider-cesar/build/style-index.css in /var/www/html/wp-content/plugins/slider-cesar/slider-cesar.php on line 66
[06-May-2024 00:38:15 UTC] PHP Warning:  Cannot modify header information - headers already sent by (output started at /var/www/html/wp-content/plugins/slider-cesar/slider-cesar.php:58) in /var/www/html/wp-admin/includes/misc.php on line 1439
[06-May-2024 00:38:15 UTC] PHP Warning:  Cannot modify header information - headers already sent by (output started at /var/www/html/wp-content/plugins/slider-cesar/slider-cesar.php:58) in /var/www/html/wp-includes/functions.php on line 7096
[06-May-2024 00:38:15 UTC] PHP Warning:  Cannot modify header information - headers already sent by (output started at /var/www/html/wp-content/plugins/slider-cesar/slider-cesar.php:58) in /var/www/html/wp-admin/admin-header.php on line 9
[06-May-2024 00:38:16 UTC] PHP Warning:  filemtime(): stat failed for /var/www/html/wp-content/plugins/slider-cesar/build/index.css in /var/www/html/wp-content/plugins/slider-cesar/slider-cesar.php on line 58
[06-May-2024 00:38:16 UTC] PHP Warning:  filemtime(): stat failed for /var/www/html/wp-content/plugins/slider-cesar/build/style-index.css in /var/www/html/wp-content/plugins/slider-cesar/slider-cesar.php on line 66
[06-May-2024 00:38:16 UTC] PHP Warning:  Cannot modify header information - headers already sent by (output started at /var/www/html/wp-content/plugins/slider-cesar/slider-cesar.php:58) in /var/www/html/wp-includes/pluggable.php on line 1435
[06-May-2024 00:38:16 UTC] PHP Warning:  Cannot modify header information - headers already sent by (output started at /var/www/html/wp-content/plugins/slider-cesar/slider-cesar.php:58) in /var/www/html/wp-includes/pluggable.php on line 1438
[06-May-2024 00:39:16 UTC] PHP Warning:  filemtime(): stat failed for /var/www/html/wp-content/plugins/slider-cesar/build/index.css in /var/www/html/wp-content/plugins/slider-cesar/slider-cesar.php on line 58
[06-May-2024 00:39:16 UTC] PHP Warning:  filemtime(): stat failed for /var/www/html/wp-content/plugins/slider-cesar/build/style-index.css in /var/www/html/wp-content/plugins/slider-cesar/slider-cesar.php on line 66
[06-May-2024 00:39:40 UTC] PHP Warning:  filemtime(): stat failed for /var/www/html/wp-content/plugins/slider-cesar/build/index.css in /var/www/html/wp-content/plugins/slider-cesar/slider-cesar.php on line 58
[06-May-2024 00:39:40 UTC] PHP Warning:  filemtime(): stat failed for /var/www/html/wp-content/plugins/slider-cesar/build/style-index.css in /var/www/html/wp-content/plugins/slider-cesar/slider-cesar.php on line 66
[06-May-2024 00:40:53 UTC] PHP Warning:  filemtime(): stat failed for /var/www/html/wp-content/plugins/slider-cesar/build/index.css in /var/www/html/wp-content/plugins/slider-cesar/slider-cesar.php on line 58
[06-May-2024 00:40:53 UTC] PHP Warning:  filemtime(): stat failed for /var/www/html/wp-content/plugins/slider-cesar/build/style-index.css in /var/www/html/wp-content/plugins/slider-cesar/slider-cesar.php on line 66
[06-May-2024 00:41:16 UTC] PHP Warning:  filemtime(): stat failed for /var/www/html/wp-content/plugins/slider-cesar/build/index.css in /var/www/html/wp-content/plugins/slider-cesar/slider-cesar.php on line 58
[06-May-2024 00:41:16 UTC] PHP Warning:  filemtime(): stat failed for /var/www/html/wp-content/plugins/slider-cesar/build/style-index.css in /var/www/html/wp-content/plugins/slider-cesar/slider-cesar.php on line 66
[06-May-2024 00:41:40 UTC] PHP Warning:  filemtime(): stat failed for /var/www/html/wp-content/plugins/slider-cesar/build/index.css in /var/www/html/wp-content/plugins/slider-cesar/slider-cesar.php on line 58
[06-May-2024 00:41:40 UTC] PHP Warning:  filemtime(): stat failed for /var/www/html/wp-content/plugins/slider-cesar/build/style-index.css in /var/www/html/wp-content/plugins/slider-cesar/slider-cesar.php on line 66
[06-May-2024 00:43:16 UTC] PHP Warning:  filemtime(): stat failed for /var/www/html/wp-content/plugins/slider-cesar/build/index.css in /var/www/html/wp-content/plugins/slider-cesar/slider-cesar.php on line 58
[06-May-2024 00:43:16 UTC] PHP Warning:  filemtime(): stat failed for /var/www/html/wp-content/plugins/slider-cesar/build/style-index.css in /var/www/html/wp-content/plugins/slider-cesar/slider-cesar.php on line 66
[06-May-2024 00:43:40 UTC] PHP Warning:  filemtime(): stat failed for /var/www/html/wp-content/plugins/slider-cesar/build/index.css in /var/www/html/wp-content/plugins/slider-cesar/slider-cesar.php on line 58
[06-May-2024 00:43:40 UTC] PHP Warning:  filemtime(): stat failed for /var/www/html/wp-content/plugins/slider-cesar/build/style-index.css in /var/www/html/wp-content/plugins/slider-cesar/slider-cesar.php on line 66
[06-May-2024 00:45:16 UTC] PHP Warning:  filemtime(): stat failed for /var/www/html/wp-content/plugins/slider-cesar/build/style.css in /var/www/html/wp-content/plugins/slider-cesar/slider-cesar.php on line 58
[06-May-2024 00:45:16 UTC] PHP Warning:  filemtime(): stat failed for /var/www/html/wp-content/plugins/slider-cesar/build/editor.css in /var/www/html/wp-content/plugins/slider-cesar/slider-cesar.php on line 66
[06-May-2024 00:45:40 UTC] PHP Warning:  filemtime(): stat failed for /var/www/html/wp-content/plugins/slider-cesar/build/style.css in /var/www/html/wp-content/plugins/slider-cesar/slider-cesar.php on line 58
[06-May-2024 00:45:40 UTC] PHP Warning:  filemtime(): stat failed for /var/www/html/wp-content/plugins/slider-cesar/build/editor.css in /var/www/html/wp-content/plugins/slider-cesar/slider-cesar.php on line 66
[06-May-2024 00:47:16 UTC] PHP Warning:  filemtime(): stat failed for /var/www/html/wp-content/plugins/slider-cesar/build/style.css in /var/www/html/wp-content/plugins/slider-cesar/slider-cesar.php on line 58
[06-May-2024 00:47:16 UTC] PHP Warning:  filemtime(): stat failed for /var/www/html/wp-content/plugins/slider-cesar/build/editor.css in /var/www/html/wp-content/plugins/slider-cesar/slider-cesar.php on line 66
[06-May-2024 00:47:40 UTC] PHP Warning:  filemtime(): stat failed for /var/www/html/wp-content/plugins/slider-cesar/build/style.css in /var/www/html/wp-content/plugins/slider-cesar/slider-cesar.php on line 58
[06-May-2024 00:47:40 UTC] PHP Warning:  filemtime(): stat failed for /var/www/html/wp-content/plugins/slider-cesar/build/editor.css in /var/www/html/wp-content/plugins/slider-cesar/slider-cesar.php on line 66
[06-May-2024 00:49:16 UTC] PHP Warning:  filemtime(): stat failed for /var/www/html/wp-content/plugins/slider-cesar/build/style.css in /var/www/html/wp-content/plugins/slider-cesar/slider-cesar.php on line 58
[06-May-2024 00:49:16 UTC] PHP Warning:  filemtime(): stat failed for /var/www/html/wp-content/plugins/slider-cesar/build/editor.css in /var/www/html/wp-content/plugins/slider-cesar/slider-cesar.php on line 66
[06-May-2024 00:49:40 UTC] PHP Warning:  filemtime(): stat failed for /var/www/html/wp-content/plugins/slider-cesar/build/style.css in /var/www/html/wp-content/plugins/slider-cesar/slider-cesar.php on line 58
[06-May-2024 00:49:40 UTC] PHP Warning:  filemtime(): stat failed for /var/www/html/wp-content/plugins/slider-cesar/build/editor.css in /var/www/html/wp-content/plugins/slider-cesar/slider-cesar.php on line 66
[06-May-2024 00:50:20 UTC] PHP Warning:  filemtime(): stat failed for /var/www/html/wp-content/plugins/slider-cesar/build/style.css in /var/www/html/wp-content/plugins/slider-cesar/slider-cesar.php on line 58
[06-May-2024 00:50:20 UTC] PHP Warning:  filemtime(): stat failed for /var/www/html/wp-content/plugins/slider-cesar/build/editor.css in /var/www/html/wp-content/plugins/slider-cesar/slider-cesar.php on line 66
[06-May-2024 00:50:21 UTC] PHP Warning:  filemtime(): stat failed for /var/www/html/wp-content/plugins/slider-cesar/build/style.css in /var/www/html/wp-content/plugins/slider-cesar/slider-cesar.php on line 58
[06-May-2024 00:50:21 UTC] PHP Warning:  filemtime(): stat failed for /var/www/html/wp-content/plugins/slider-cesar/build/editor.css in /var/www/html/wp-content/plugins/slider-cesar/slider-cesar.php on line 66
[06-May-2024 00:50:21 UTC] PHP Warning:  Cannot modify header information - headers already sent by (output started at /var/www/html/wp-content/plugins/slider-cesar/slider-cesar.php:58) in /var/www/html/wp-admin/includes/misc.php on line 1439
[06-May-2024 00:50:21 UTC] PHP Warning:  Cannot modify header information - headers already sent by (output started at /var/www/html/wp-content/plugins/slider-cesar/slider-cesar.php:58) in /var/www/html/wp-includes/functions.php on line 7096
[06-May-2024 00:50:21 UTC] PHP Warning:  Cannot modify header information - headers already sent by (output started at /var/www/html/wp-content/plugins/slider-cesar/slider-cesar.php:58) in /var/www/html/wp-admin/admin-header.php on line 9
[06-May-2024 00:50:22 UTC] PHP Warning:  filemtime(): stat failed for /var/www/html/wp-content/plugins/slider-cesar/build/style.css in /var/www/html/wp-content/plugins/slider-cesar/slider-cesar.php on line 58
[06-May-2024 00:50:22 UTC] PHP Warning:  filemtime(): stat failed for /var/www/html/wp-content/plugins/slider-cesar/build/editor.css in /var/www/html/wp-content/plugins/slider-cesar/slider-cesar.php on line 66
[06-May-2024 00:50:22 UTC] PHP Warning:  Cannot modify header information - headers already sent by (output started at /var/www/html/wp-content/plugins/slider-cesar/slider-cesar.php:58) in /var/www/html/wp-includes/pluggable.php on line 1435
[06-May-2024 00:50:22 UTC] PHP Warning:  Cannot modify header information - headers already sent by (output started at /var/www/html/wp-content/plugins/slider-cesar/slider-cesar.php:58) in /var/www/html/wp-includes/pluggable.php on line 1438
[06-May-2024 00:50:22 UTC] PHP Warning:  filemtime(): stat failed for /var/www/html/wp-content/plugins/slider-cesar/build/style.css in /var/www/html/wp-content/plugins/slider-cesar/slider-cesar.php on line 58
[06-May-2024 00:50:22 UTC] PHP Warning:  filemtime(): stat failed for /var/www/html/wp-content/plugins/slider-cesar/build/editor.css in /var/www/html/wp-content/plugins/slider-cesar/slider-cesar.php on line 66
[06-May-2024 00:50:22 UTC] PHP Warning:  Cannot modify header information - headers already sent by (output started at /var/www/html/wp-content/plugins/slider-cesar/slider-cesar.php:58) in /var/www/html/wp-admin/includes/misc.php on line 1439
[06-May-2024 00:50:22 UTC] PHP Warning:  Cannot modify header information - headers already sent by (output started at /var/www/html/wp-content/plugins/slider-cesar/slider-cesar.php:58) in /var/www/html/wp-includes/functions.php on line 7096
[06-May-2024 00:50:22 UTC] PHP Warning:  Cannot modify header information - headers already sent by (output started at /var/www/html/wp-content/plugins/slider-cesar/slider-cesar.php:58) in /var/www/html/wp-admin/admin-header.php on line 9
[06-May-2024 00:50:22 UTC] PHP Warning:  filemtime(): stat failed for /var/www/html/wp-content/plugins/slider-cesar/build/style.css in /var/www/html/wp-content/plugins/slider-cesar/slider-cesar.php on line 58
[06-May-2024 00:50:22 UTC] PHP Warning:  filemtime(): stat failed for /var/www/html/wp-content/plugins/slider-cesar/build/editor.css in /var/www/html/wp-content/plugins/slider-cesar/slider-cesar.php on line 66
[06-May-2024 00:50:22 UTC] PHP Warning:  Cannot modify header information - headers already sent by (output started at /var/www/html/wp-content/plugins/slider-cesar/slider-cesar.php:58) in /var/www/html/wp-includes/pluggable.php on line 1435
[06-May-2024 00:50:22 UTC] PHP Warning:  Cannot modify header information - headers already sent by (output started at /var/www/html/wp-content/plugins/slider-cesar/slider-cesar.php:58) in /var/www/html/wp-includes/pluggable.php on line 1438
[06-May-2024 00:51:22 UTC] PHP Warning:  filemtime(): stat failed for /var/www/html/wp-content/plugins/slider-cesar/build/style.css in /var/www/html/wp-content/plugins/slider-cesar/slider-cesar.php on line 58
[06-May-2024 00:51:22 UTC] PHP Warning:  filemtime(): stat failed for /var/www/html/wp-content/plugins/slider-cesar/build/editor.css in /var/www/html/wp-content/plugins/slider-cesar/slider-cesar.php on line 66
[06-May-2024 00:51:40 UTC] PHP Warning:  filemtime(): stat failed for /var/www/html/wp-content/plugins/slider-cesar/build/style.css in /var/www/html/wp-content/plugins/slider-cesar/slider-cesar.php on line 58
[06-May-2024 00:51:40 UTC] PHP Warning:  filemtime(): stat failed for /var/www/html/wp-content/plugins/slider-cesar/build/editor.css in /var/www/html/wp-content/plugins/slider-cesar/slider-cesar.php on line 66
[06-May-2024 00:53:22 UTC] PHP Warning:  filemtime(): stat failed for /var/www/html/wp-content/plugins/slider-cesar/build/style.css in /var/www/html/wp-content/plugins/slider-cesar/slider-cesar.php on line 58
[06-May-2024 00:53:22 UTC] PHP Warning:  filemtime(): stat failed for /var/www/html/wp-content/plugins/slider-cesar/build/editor.css in /var/www/html/wp-content/plugins/slider-cesar/slider-cesar.php on line 66
[06-May-2024 00:53:40 UTC] PHP Warning:  filemtime(): stat failed for /var/www/html/wp-content/plugins/slider-cesar/build/style.css in /var/www/html/wp-content/plugins/slider-cesar/slider-cesar.php on line 58
[06-May-2024 00:53:40 UTC] PHP Warning:  filemtime(): stat failed for /var/www/html/wp-content/plugins/slider-cesar/build/editor.css in /var/www/html/wp-content/plugins/slider-cesar/slider-cesar.php on line 66
[06-May-2024 00:55:22 UTC] PHP Warning:  filemtime(): stat failed for /var/www/html/wp-content/plugins/slider-cesar/build/style.css in /var/www/html/wp-content/plugins/slider-cesar/slider-cesar.php on line 58
[06-May-2024 00:55:22 UTC] PHP Warning:  filemtime(): stat failed for /var/www/html/wp-content/plugins/slider-cesar/build/editor.css in /var/www/html/wp-content/plugins/slider-cesar/slider-cesar.php on line 66
[06-May-2024 00:55:26 UTC] PHP Warning:  filemtime(): stat failed for /var/www/html/wp-content/plugins/slider-cesar/build/slider-cesar in /var/www/html/wp-content/plugins/slider-cesar/slider-cesar.php on line 58
[06-May-2024 00:55:26 UTC] PHP Warning:  Cannot modify header information - headers already sent by (output started at /var/www/html/wp-content/plugins/slider-cesar/slider-cesar.php:58) in /var/www/html/wp-admin/includes/misc.php on line 1439
[06-May-2024 00:55:26 UTC] PHP Warning:  Cannot modify header information - headers already sent by (output started at /var/www/html/wp-content/plugins/slider-cesar/slider-cesar.php:58) in /var/www/html/wp-includes/functions.php on line 7096
[06-May-2024 00:55:26 UTC] PHP Warning:  Cannot modify header information - headers already sent by (output started at /var/www/html/wp-content/plugins/slider-cesar/slider-cesar.php:58) in /var/www/html/wp-admin/admin-header.php on line 9
[06-May-2024 00:55:27 UTC] PHP Warning:  filemtime(): stat failed for /var/www/html/wp-content/plugins/slider-cesar/build/slider-cesar in /var/www/html/wp-content/plugins/slider-cesar/slider-cesar.php on line 58
[06-May-2024 00:55:27 UTC] PHP Warning:  Cannot modify header information - headers already sent by (output started at /var/www/html/wp-content/plugins/slider-cesar/slider-cesar.php:58) in /var/www/html/wp-includes/pluggable.php on line 1435
[06-May-2024 00:55:27 UTC] PHP Warning:  Cannot modify header information - headers already sent by (output started at /var/www/html/wp-content/plugins/slider-cesar/slider-cesar.php:58) in /var/www/html/wp-includes/pluggable.php on line 1438
[06-May-2024 00:55:41 UTC] PHP Warning:  filemtime(): stat failed for /var/www/html/wp-content/plugins/slider-cesar/build/slider-cesar in /var/www/html/wp-content/plugins/slider-cesar/slider-cesar.php on line 58
[28-Jun-2024 14:48:55 UTC] PHP Warning:  mysqli_real_connect(): (HY000/2002): Connection refused in /var/www/html/wp-includes/class-wpdb.php on line 1987
